<?xml version="1.0" encoding="UTF-8"?>
<!-- Generated by org.testng.reporters.JUnitReportReporter -->
<testsuite hostname="AKKU-PC" failures="0" tests="2" name="TestCases.HomePageValidation" time="6.987" errors="0" timestamp="2025-12-28T13:37:16 IST" skipped="0">
  <testcase classname="TestCases.HomePageValidation" name="TC01_LanguageValidation" time="3.964"/>
  <testcase classname="TestCases.HomePageValidation" name="TC02_SearchProduct" time="3.023"/>
</testsuite> <!-- TestCases.HomePageValidation -->
